<?xml version="1.0" encoding="UTF-8"?>
<!-- Generated by org.testng.reporters.JUnitReportReporter -->
<testsuite skipped="0" hostname="LAPTOP-8PUIHPV2" name="com.Base.BaseTest" tests="1" failures="0" timestamp="28 Dec 2019 11:14:09 GMT" time="13.652" errors="0">
  <testcase name="a" time="13.652" classname="com.Base.BaseTest"/>
</testsuite> <!-- com.Base.BaseTest -->
